<?xml version="1.0" encoding="utf-8"?>
<!DOCTYPE coverage SYSTEM "http://cobertura.sourceforge.net/xml/coverage-04.dtd">
<coverage line-rate="0.516283524904215" branch-rate="0.376237623762376" lines-covered="539" lines-valid="1044" branches-covered="76" branches-valid="202" complexity="311" version="0" timestamp="1716246880">
  <sources>
    <source>C:\Users\mrkru\</source>
  </sources>
  <packages>
    <package name="labar12.1" line-rate="0.651515151515151" branch-rate="0.609756097560976" complexity="92">
      <classes>
        <class name="labar12._1.MyList`1" filename="C:\Users\mrkru\source\repos\labar12.1\labar12.1\MyList.cs" line-rate="0.903030303030303" branch-rate="0.816666666666667" complexity="61">
          <methods>
            <method name="AddToBegin" signature="(...)" line-rate="1" branch-rate="1" complexity="2">
              <lines>
                <line number="17" hits="5" branch="false" />
                <line number="18" hits="5" branch="false" />
                <line number="19" hits="5" branch="false" />
                <line number="20" hits="5" branch="false" />
                <line number="21" hits="5" branch="true" condition-coverage="100% (2/2)" />
                <line number="22" hits="1" branch="false" />
                <line number="23" hits="1" branch="false" />
                <line number="24" hits="1" branch="false" />
                <line number="25" hits="1" branch="false" />
                <line number="26" hits="1" branch="false" />
                <line number="28" hits="4" branch="false" />
                <line number="29" hits="4" branch="false" />
                <line number="30" hits="4" branch="false" />
                <line number="31" hits="4" branch="false" />
                <line number="32" hits="5" branch="false" />
              </lines>
            </method>
            <method name="AddToEnd" signature="(...)" line-rate="1" branch-rate="1" complexity="2">
              <lines>
                <line number="35" hits="39" branch="false" />
                <line number="36" hits="39" branch="false" />
                <line number="37" hits="39" branch="false" />
                <line number="38" hits="39" branch="false" />
                <line number="39" hits="39" branch="true" condition-coverage="100% (2/2)" />
                <line number="40" hits="23" branch="false" />
                <line number="41" hits="23" branch="false" />
                <line number="42" hits="23" branch="false" />
                <line number="43" hits="23" branch="false" />
                <line number="44" hits="23" branch="false" />
                <line number="46" hits="16" branch="false" />
                <line number="47" hits="16" branch="false" />
                <line number="48" hits="16" branch="false" />
                <line number="49" hits="16" branch="false" />
                <line number="50" hits="39" branch="false" />
              </lines>
            </method>
            <method name="PrintList" signature="()" line-rate="0" branch-rate="0" complexity="4">
              <lines>
                <line number="86" hits="0" branch="false" />
                <line number="87" hits="0" branch="false" />
                <line number="88" hits="0" branch="true" condition-coverage="0% (0/2)" />
                <line number="89" hits="0" branch="false" />
                <line number="90" hits="0" branch="false" />
                <line number="91" hits="0" branch="true" condition-coverage="0% (0/2)" />
                <line number="92" hits="0" branch="false" />
                <line number="93" hits="0" branch="false" />
                <line number="94" hits="0" branch="false" />
                <line number="95" hits="0" branch="false" />
                <line number="96" hits="0" branch="false" />
              </lines>
            </method>
            <method name="FindItem" signature="(...)" line-rate="1" branch-rate="1" complexity="4">
              <lines>
                <line number="99" hits="9" branch="false" />
                <line number="100" hits="9" branch="false" />
                <line number="101" hits="16" branch="true" condition-coverage="100% (2/2)" />
                <line number="102" hits="14" branch="false" />
                <line number="103" hits="21" branch="true" condition-coverage="100% (2/2)" />
                <line number="104" hits="7" branch="false" />
                <line number="105" hits="7" branch="false" />
                <line number="106" hits="2" branch="false" />
                <line number="107" hits="9" branch="false" />
              </lines>
            </method>
            <method name="RemoveItem" signature="(...)" line-rate="1" branch-rate="0.857142857142857" complexity="14">
              <lines>
                <line number="110" hits="8" branch="false" />
                <line number="111" hits="9" branch="true" condition-coverage="100% (2/2)" />
                <line number="112" hits="7" branch="false" />
                <line number="113" hits="8" branch="true" condition-coverage="100% (2/2)" />
                <line number="114" hits="6" branch="false" />
                <line number="115" hits="6" branch="true" condition-coverage="100% (2/2)" />
                <line number="116" hits="1" branch="false" />
                <line number="117" hits="1" branch="false" />
                <line number="118" hits="1" branch="false" />
                <line number="120" hits="5" branch="true" condition-coverage="100% (2/2)" />
                <line number="121" hits="1" branch="false" />
                <line number="122" hits="1" branch="true" condition-coverage="50% (1/2)" />
                <line number="123" hits="1" branch="false" />
                <line number="124" hits="1" branch="false" />
                <line number="126" hits="4" branch="true" condition-coverage="100% (2/2)" />
                <line number="127" hits="1" branch="false" />
                <line number="128" hits="1" branch="true" condition-coverage="50% (1/2)" />
                <line number="129" hits="1" branch="false" />
                <line number="130" hits="1" branch="false" />
                <line number="132" hits="3" branch="false" />
                <line number="133" hits="3" branch="false" />
                <line number="134" hits="3" branch="false" />
                <line number="135" hits="3" branch="false" />
                <line number="136" hits="3" branch="false" />
                <line number="137" hits="7" branch="false" />
              </lines>
            </method>
            <method name="AddPointByIndex" signature="(...)" line-rate="0.807692307692308" branch-rate="0.7" complexity="10">
              <lines>
                <line number="140" hits="3" branch="false" />
                <line number="141" hits="3" branch="true" condition-coverage="50% (2/4)" />
                <line number="142" hits="0" branch="false" />
                <line number="143" hits="0" branch="false" />
                <line number="146" hits="3" branch="true" condition-coverage="100% (2/2)" />
                <line number="147" hits="1" branch="false" />
                <line number="148" hits="1" branch="false" />
                <line number="149" hits="1" branch="false" />
                <line number="150" hits="2" branch="true" condition-coverage="100% (2/2)" />
                <line number="151" hits="1" branch="false" />
                <line number="152" hits="1" branch="false" />
                <line number="153" hits="1" branch="false" />
                <line number="155" hits="1" branch="false" />
                <line number="156" hits="1" branch="false" />
                <line number="157" hits="2" branch="true" condition-coverage="50% (1/2)" />
                <line number="158" hits="0" branch="false" />
                <line number="159" hits="0" branch="false" />
                <line number="160" hits="0" branch="false" />
                <line number="162" hits="1" branch="false" />
                <line number="163" hits="1" branch="false" />
                <line number="164" hits="1" branch="false" />
                <line number="165" hits="1" branch="false" />
                <line number="166" hits="1" branch="false" />
                <line number="167" hits="1" branch="false" />
                <line number="168" hits="1" branch="false" />
                <line number="169" hits="3" branch="false" />
              </lines>
            </method>
            <method name="RemoveOddIndexes" signature="()" line-rate="1" branch-rate="1" complexity="6">
              <lines>
                <line number="172" hits="2" branch="false" />
                <line number="173" hits="2" branch="true" condition-coverage="100% (2/2)" />
                <line number="174" hits="1" branch="false" />
                <line number="175" hits="1" branch="false" />
                <line number="176" hits="1" branch="false" />
                <line number="179" hits="1" branch="false" />
                <line number="181" hits="1" branch="false" />
                <line number="182" hits="5" branch="true" condition-coverage="100% (2/2)" />
                <line number="183" hits="4" branch="false" />
                <line number="184" hits="4" branch="false" />
                <line number="185" hits="4" branch="true" condition-coverage="100% (2/2)" />
                <line number="186" hits="2" branch="false" />
                <line number="187" hits="2" branch="false" />
                <line number="188" hits="2" branch="false" />
                <line number="189" hits="4" branch="false" />
                <line number="190" hits="4" branch="false" />
                <line number="191" hits="4" branch="false" />
                <line number="193" hits="1" branch="false" />
                <line number="194" hits="2" branch="false" />
              </lines>
            </method>
            <method name="DeleteList" signature="()" line-rate="1" branch-rate="1" complexity="2">
              <lines>
                <line number="197" hits="2" branch="false" />
                <line number="198" hits="2" branch="false" />
                <line number="199" hits="7" branch="true" condition-coverage="100% (2/2)" />
                <line number="200" hits="5" branch="false" />
                <line number="201" hits="5" branch="false" />
                <line number="202" hits="5" branch="false" />
                <line number="203" hits="5" branch="false" />
                <line number="204" hits="5" branch="false" />
                <line number="205" hits="5" branch="false" />
                <line number="206" hits="2" branch="false" />
                <line number="207" hits="2" branch="false" />
                <line number="208" hits="2" branch="false" />
                <line number="209" hits="2" branch="false" />
              </lines>
            </method>
            <method name=".ctor" signature="()" line-rate="1" branch-rate="1" complexity="1">
              <lines>
                <line number="12" hits="30" branch="false" />
                <line number="13" hits="30" branch="false" />
                <line number="14" hits="30" branch="false" />
                <line number="17" hits="5" branch="false" />
                <line number="18" hits="5" branch="false" />
                <line number="19" hits="5" branch="false" />
                <line number="20" hits="5" branch="false" />
                <line number="21" hits="5" branch="true" condition-coverage="100% (2/2)" />
                <line number="22" hits="1" branch="false" />
                <line number="23" hits="1" branch="false" />
                <line number="24" hits="1" branch="false" />
                <line number="25" hits="1" branch="false" />
                <line number="26" hits="1" branch="false" />
                <line number="28" hits="4" branch="false" />
                <line number="29" hits="4" branch="false" />
                <line number="30" hits="4" branch="false" />
                <line number="31" hits="4" branch="false" />
                <line number="32" hits="5" branch="false" />
                <line number="35" hits="39" branch="false" />
                <line number="36" hits="39" branch="false" />
                <line number="37" hits="39" branch="false" />
                <line number="38" hits="39" branch="false" />
                <line number="39" hits="39" branch="true" condition-coverage="100% (2/2)" />
                <line number="40" hits="23" branch="false" />
                <line number="41" hits="23" branch="false" />
                <line number="42" hits="23" branch="false" />
                <line number="43" hits="23" branch="false" />
                <line number="44" hits="23" branch="false" />
                <line number="46" hits="16" branch="false" />
                <line number="47" hits="16" branch="false" />
                <line number="48" hits="16" branch="false" />
                <line number="49" hits="16" branch="false" />
                <line number="50" hits="39" branch="false" />
                <line number="52" hits="66" branch="false" />
              </lines>
            </method>
            <method name=".ctor" signature="(...)" line-rate="1" branch-rate="1" complexity="4">
              <lines>
                <line number="54" hits="2" branch="false" />
                <line number="55" hits="2" branch="false" />
                <line number="56" hits="3" branch="true" condition-coverage="100% (2/2)" />
                <line number="57" hits="12" branch="true" condition-coverage="100% (2/2)" />
                <line number="58" hits="5" branch="false" />
                <line number="59" hits="5" branch="false" />
                <line number="60" hits="5" branch="false" />
                <line number="61" hits="5" branch="false" />
                <line number="62" hits="5" branch="false" />
                <line number="63" hits="1" branch="false" />
              </lines>
            </method>
            <method name=".ctor" signature="(...)" line-rate="1" branch-rate="0.666666666666667" complexity="6">
              <lines>
                <line number="65" hits="1" branch="false" />
                <line number="66" hits="1" branch="false" />
                <line number="67" hits="1" branch="true" condition-coverage="50% (2/4)" />
                <line number="68" hits="9" branch="true" condition-coverage="100% (2/2)" />
                <line number="69" hits="3" branch="false" />
                <line number="70" hits="3" branch="false" />
                <line number="71" hits="3" branch="false" />
                <line number="72" hits="1" branch="false" />
              </lines>
            </method>
            <method name=".ctor" signature="(...)" line-rate="1" branch-rate="1" complexity="6">
              <lines>
                <line number="74" hits="5" branch="false" />
                <line number="75" hits="5" branch="false" />
                <line number="76" hits="9" branch="true" condition-coverage="100% (4/4)" />
                <line number="77" hits="1" branch="false" />
                <line number="78" hits="3" branch="true" condition-coverage="100% (2/2)" />
                <line number="79" hits="2" branch="false" />
                <line number="80" hits="2" branch="false" />
                <line number="81" hits="2" branch="false" />
                <line number="82" hits="2" branch="false" />
                <line number="83" hits="1" branch="false" />
              </lines>
            </method>
          </methods>
          <lines>
            <line number="12" hits="30" branch="false" />
            <line number="13" hits="30" branch="false" />
            <line number="14" hits="30" branch="false" />
            <line number="17" hits="5" branch="false" />
            <line number="18" hits="5" branch="false" />
            <line number="19" hits="5" branch="false" />
            <line number="20" hits="5" branch="false" />
            <line number="21" hits="5" branch="true" condition-coverage="100% (2/2)" />
            <line number="22" hits="1" branch="false" />
            <line number="23" hits="1" branch="false" />
            <line number="24" hits="1" branch="false" />
            <line number="25" hits="1" branch="false" />
            <line number="26" hits="1" branch="false" />
            <line number="28" hits="4" branch="false" />
            <line number="29" hits="4" branch="false" />
            <line number="30" hits="4" branch="false" />
            <line number="31" hits="4" branch="false" />
            <line number="32" hits="5" branch="false" />
            <line number="35" hits="39" branch="false" />
            <line number="36" hits="39" branch="false" />
            <line number="37" hits="39" branch="false" />
            <line number="38" hits="39" branch="false" />
            <line number="39" hits="39" branch="true" condition-coverage="100% (2/2)" />
            <line number="40" hits="23" branch="false" />
            <line number="41" hits="23" branch="false" />
            <line number="42" hits="23" branch="false" />
            <line number="43" hits="23" branch="false" />
            <line number="44" hits="23" branch="false" />
            <line number="46" hits="16" branch="false" />
            <line number="47" hits="16" branch="false" />
            <line number="48" hits="16" branch="false" />
            <line number="49" hits="16" branch="false" />
            <line number="50" hits="39" branch="false" />
            <line number="52" hits="66" branch="false" />
            <line number="54" hits="2" branch="false" />
            <line number="55" hits="2" branch="false" />
            <line number="56" hits="3" branch="true" condition-coverage="100% (2/2)" />
            <line number="57" hits="12" branch="true" condition-coverage="100% (2/2)" />
            <line number="58" hits="5" branch="false" />
            <line number="59" hits="5" branch="false" />
            <line number="60" hits="5" branch="false" />
            <line number="61" hits="5" branch="false" />
            <line number="62" hits="5" branch="false" />
            <line number="63" hits="1" branch="false" />
            <line number="65" hits="1" branch="false" />
            <line number="66" hits="1" branch="false" />
            <line number="67" hits="1" branch="true" condition-coverage="50% (2/4)" />
            <line number="68" hits="9" branch="true" condition-coverage="100% (2/2)" />
            <line number="69" hits="3" branch="false" />
            <line number="70" hits="3" branch="false" />
            <line number="71" hits="3" branch="false" />
            <line number="72" hits="1" branch="false" />
            <line number="74" hits="5" branch="false" />
            <line number="75" hits="5" branch="false" />
            <line number="76" hits="9" branch="true" condition-coverage="100% (4/4)" />
            <line number="77" hits="1" branch="false" />
            <line number="78" hits="3" branch="true" condition-coverage="100% (2/2)" />
            <line number="79" hits="2" branch="false" />
            <line number="80" hits="2" branch="false" />
            <line number="81" hits="2" branch="false" />
            <line number="82" hits="2" branch="false" />
            <line number="83" hits="1" branch="false" />
            <line number="86" hits="0" branch="false" />
            <line number="87" hits="0" branch="false" />
            <line number="88" hits="0" branch="true" condition-coverage="0% (0/2)" />
            <line number="89" hits="0" branch="false" />
            <line number="90" hits="0" branch="false" />
            <line number="91" hits="0" branch="true" condition-coverage="0% (0/2)" />
            <line number="92" hits="0" branch="false" />
            <line number="93" hits="0" branch="false" />
            <line number="94" hits="0" branch="false" />
            <line number="95" hits="0" branch="false" />
            <line number="96" hits="0" branch="false" />
            <line number="99" hits="9" branch="false" />
            <line number="100" hits="9" branch="false" />
            <line number="101" hits="16" branch="true" condition-coverage="100% (2/2)" />
            <line number="102" hits="14" branch="false" />
            <line number="103" hits="21" branch="true" condition-coverage="100% (2/2)" />
            <line number="104" hits="7" branch="false" />
            <line number="105" hits="7" branch="false" />
            <line number="106" hits="2" branch="false" />
            <line number="107" hits="9" branch="false" />
            <line number="110" hits="8" branch="false" />
            <line number="111" hits="9" branch="true" condition-coverage="100% (2/2)" />
            <line number="112" hits="7" branch="false" />
            <line number="113" hits="8" branch="true" condition-coverage="100% (2/2)" />
            <line number="114" hits="6" branch="false" />
            <line number="115" hits="6" branch="true" condition-coverage="100% (2/2)" />
            <line number="116" hits="1" branch="false" />
            <line number="117" hits="1" branch="false" />
            <line number="118" hits="1" branch="false" />
            <line number="120" hits="5" branch="true" condition-coverage="100% (2/2)" />
            <line number="121" hits="1" branch="false" />
            <line number="122" hits="1" branch="true" condition-coverage="50% (1/2)" />
            <line number="123" hits="1" branch="false" />
            <line number="124" hits="1" branch="false" />
            <line number="126" hits="4" branch="true" condition-coverage="100% (2/2)" />
            <line number="127" hits="1" branch="false" />
            <line number="128" hits="1" branch="true" condition-coverage="50% (1/2)" />
            <line number="129" hits="1" branch="false" />
            <line number="130" hits="1" branch="false" />
            <line number="132" hits="3" branch="false" />
            <line number="133" hits="3" branch="false" />
            <line number="134" hits="3" branch="false" />
            <line number="135" hits="3" branch="false" />
            <line number="136" hits="3" branch="false" />
            <line number="137" hits="7" branch="false" />
            <line number="140" hits="3" branch="false" />
            <line number="141" hits="3" branch="true" condition-coverage="50% (2/4)" />
            <line number="142" hits="0" branch="false" />
            <line number="143" hits="0" branch="false" />
            <line number="146" hits="3" branch="true" condition-coverage="100% (2/2)" />
            <line number="147" hits="1" branch="false" />
            <line number="148" hits="1" branch="false" />
            <line number="149" hits="1" branch="false" />
            <line number="150" hits="2" branch="true" condition-coverage="100% (2/2)" />
            <line number="151" hits="1" branch="false" />
            <line number="152" hits="1" branch="false" />
            <line number="153" hits="1" branch="false" />
            <line number="155" hits="1" branch="false" />
            <line number="156" hits="1" branch="false" />
            <line number="157" hits="2" branch="true" condition-coverage="50% (1/2)" />
            <line number="158" hits="0" branch="false" />
            <line number="159" hits="0" branch="false" />
            <line number="160" hits="0" branch="false" />
            <line number="162" hits="1" branch="false" />
            <line number="163" hits="1" branch="false" />
            <line number="164" hits="1" branch="false" />
            <line number="165" hits="1" branch="false" />
            <line number="166" hits="1" branch="false" />
            <line number="167" hits="1" branch="false" />
            <line number="168" hits="1" branch="false" />
            <line number="169" hits="3" branch="false" />
            <line number="172" hits="2" branch="false" />
            <line number="173" hits="2" branch="true" condition-coverage="100% (2/2)" />
            <line number="174" hits="1" branch="false" />
            <line number="175" hits="1" branch="false" />
            <line number="176" hits="1" branch="false" />
            <line number="179" hits="1" branch="false" />
            <line number="181" hits="1" branch="false" />
            <line number="182" hits="5" branch="true" condition-coverage="100% (2/2)" />
            <line number="183" hits="4" branch="false" />
            <line number="184" hits="4" branch="false" />
            <line number="185" hits="4" branch="true" condition-coverage="100% (2/2)" />
            <line number="186" hits="2" branch="false" />
            <line number="187" hits="2" branch="false" />
            <line number="188" hits="2" branch="false" />
            <line number="189" hits="4" branch="false" />
            <line number="190" hits="4" branch="false" />
            <line number="191" hits="4" branch="false" />
            <line number="193" hits="1" branch="false" />
            <line number="194" hits="2" branch="false" />
            <line number="197" hits="2" branch="false" />
            <line number="198" hits="2" branch="false" />
            <line number="199" hits="7" branch="true" condition-coverage="100% (2/2)" />
            <line number="200" hits="5" branch="false" />
            <line number="201" hits="5" branch="false" />
            <line number="202" hits="5" branch="false" />
            <line number="203" hits="5" branch="false" />
            <line number="204" hits="5" branch="false" />
            <line number="205" hits="5" branch="false" />
            <line number="206" hits="2" branch="false" />
            <line number="207" hits="2" branch="false" />
            <line number="208" hits="2" branch="false" />
            <line number="209" hits="2" branch="false" />
          </lines>
        </class>
        <class name="labar12._1.Point`1" filename="C:\Users\mrkru\source\repos\labar12.1\labar12.1\Point.cs" line-rate="1" branch-rate="0.5" complexity="8">
          <methods>
            <method name="get_Data" signature="()" line-rate="1" branch-rate="1" complexity="1">
              <lines>
                <line number="12" hits="107" branch="false" />
              </lines>
            </method>
            <method name="get_Next" signature="()" line-rate="1" branch-rate="1" complexity="1">
              <lines>
                <line number="13" hits="125" branch="false" />
              </lines>
            </method>
            <method name="get_Prev" signature="()" line-rate="1" branch-rate="1" complexity="1">
              <lines>
                <line number="14" hits="99" branch="false" />
              </lines>
            </method>
            <method name="ToString" signature="()" line-rate="1" branch-rate="0.5" complexity="2">
              <lines>
                <line number="28" hits="1" branch="false" />
                <line number="29" hits="1" branch="true" condition-coverage="50% (1/2)" />
                <line number="30" hits="1" branch="false" />
              </lines>
            </method>
            <method name="Clone" signature="()" line-rate="1" branch-rate="1" complexity="1">
              <lines>
                <line number="32" hits="1" branch="false" />
                <line number="33" hits="1" branch="false" />
                <line number="34" hits="1" branch="false" />
                <line number="35" hits="1" branch="false" />
                <line number="36" hits="1" branch="false" />
              </lines>
            </method>
            <method name=".ctor" signature="()" line-rate="1" branch-rate="1" complexity="1">
              <lines>
                <line number="15" hits="1" branch="false" />
                <line number="16" hits="1" branch="false" />
                <line number="17" hits="1" branch="false" />
                <line number="18" hits="1" branch="false" />
                <line number="19" hits="1" branch="false" />
                <line number="20" hits="1" branch="false" />
              </lines>
            </method>
            <method name=".ctor" signature="(...)" line-rate="1" branch-rate="1" complexity="1">
              <lines>
                <line number="21" hits="48" branch="false" />
                <line number="22" hits="48" branch="false" />
                <line number="23" hits="48" branch="false" />
                <line number="24" hits="48" branch="false" />
                <line number="25" hits="48" branch="false" />
                <line number="26" hits="48" branch="false" />
              </lines>
            </method>
          </methods>
          <lines>
            <line number="12" hits="107" branch="false" />
            <line number="13" hits="125" branch="false" />
            <line number="14" hits="99" branch="false" />
            <line number="15" hits="1" branch="false" />
            <line number="16" hits="1" branch="false" />
            <line number="17" hits="1" branch="false" />
            <line number="18" hits="1" branch="false" />
            <line number="19" hits="1" branch="false" />
            <line number="20" hits="1" branch="false" />
            <line number="21" hits="48" branch="false" />
            <line number="22" hits="48" branch="false" />
            <line number="23" hits="48" branch="false" />
            <line number="24" hits="48" branch="false" />
            <line number="25" hits="48" branch="false" />
            <line number="26" hits="48" branch="false" />
            <line number="28" hits="1" branch="false" />
            <line number="29" hits="1" branch="true" condition-coverage="50% (1/2)" />
            <line number="30" hits="1" branch="false" />
            <line number="32" hits="1" branch="false" />
            <line number="33" hits="1" branch="false" />
            <line number="34" hits="1" branch="false" />
            <line number="35" hits="1" branch="false" />
            <line number="36" hits="1" branch="false" />
          </lines>
        </class>
        <class name="labar12._1.Program" filename="C:\Users\mrkru\source\repos\labar12.1\labar12.1\Program.cs" line-rate="0" branch-rate="0" complexity="23">
          <methods>
            <method name="Main" signature="()" line-rate="0" branch-rate="0" complexity="12">
              <lines>
                <line number="8" hits="0" branch="false" />
                <line number="9" hits="0" branch="false" />
                <line number="10" hits="0" branch="false" />
                <line number="11" hits="0" branch="false" />
                <line number="14" hits="0" branch="false" />
                <line number="15" hits="0" branch="false" />
                <line number="16" hits="0" branch="false" />
                <line number="17" hits="0" branch="false" />
                <line number="18" hits="0" branch="false" />
                <line number="19" hits="0" branch="false" />
                <line number="20" hits="0" branch="false" />
                <line number="21" hits="0" branch="false" />
                <line number="22" hits="0" branch="false" />
                <line number="23" hits="0" branch="false" />
                <line number="24" hits="0" branch="false" />
                <line number="26" hits="0" branch="false" />
                <line number="27" hits="0" branch="true" condition-coverage="0% (0/10)" />
                <line number="30" hits="0" branch="false" />
                <line number="31" hits="0" branch="false" />
                <line number="33" hits="0" branch="false" />
                <line number="34" hits="0" branch="false" />
                <line number="36" hits="0" branch="false" />
                <line number="37" hits="0" branch="false" />
                <line number="39" hits="0" branch="false" />
                <line number="40" hits="0" branch="false" />
                <line number="42" hits="0" branch="false" />
                <line number="43" hits="0" branch="false" />
                <line number="45" hits="0" branch="false" />
                <line number="46" hits="0" branch="false" />
                <line number="48" hits="0" branch="false" />
                <line number="49" hits="0" branch="false" />
                <line number="51" hits="0" branch="false" />
                <line number="52" hits="0" branch="false" />
                <line number="54" hits="0" branch="false" />
                <line number="55" hits="0" branch="false" />
                <line number="57" hits="0" branch="true" condition-coverage="0% (0/2)" />
                <line number="58" hits="0" branch="false" />
              </lines>
            </method>
            <method name="IntManualInput" signature="(...)" line-rate="0" branch-rate="0" complexity="8">
              <lines>
                <line number="61" hits="0" branch="false" />
                <line number="65" hits="0" branch="false" />
                <line number="66" hits="0" branch="false" />
                <line number="67" hits="0" branch="true" condition-coverage="0% (0/2)" />
                <line number="68" hits="0" branch="false" />
                <line number="69" hits="0" branch="false" />
                <line number="70" hits="0" branch="false" />
                <line number="71" hits="0" branch="true" condition-coverage="0% (0/4)" />
                <line number="72" hits="0" branch="false" />
                <line number="73" hits="0" branch="false" />
                <line number="74" hits="0" branch="false" />
                <line number="75" hits="0" branch="false" />
                <line number="76" hits="0" branch="true" condition-coverage="0% (0/2)" />
                <line number="78" hits="0" branch="false" />
                <line number="79" hits="0" branch="false" />
              </lines>
            </method>
            <method name="CreateList" signature="()" line-rate="0" branch-rate="1" complexity="1">
              <lines>
                <line number="82" hits="0" branch="false" />
                <line number="83" hits="0" branch="false" />
                <line number="84" hits="0" branch="false" />
                <line number="85" hits="0" branch="false" />
                <line number="86" hits="0" branch="false" />
                <line number="87" hits="0" branch="false" />
              </lines>
            </method>
            <method name="AddPointIndex" signature="(...)" line-rate="0" branch-rate="1" complexity="1">
              <lines>
                <line number="90" hits="0" branch="false" />
                <line number="91" hits="0" branch="false" />
                <line number="92" hits="0" branch="false" />
                <line number="94" hits="0" branch="false" />
                <line number="95" hits="0" branch="false" />
                <line number="97" hits="0" branch="false" />
                <line number="98" hits="0" branch="false" />
                <line number="99" hits="0" branch="false" />
              </lines>
            </method>
            <method name="CloneList" signature="(...)" line-rate="0" branch-rate="1" complexity="1">
              <lines>
                <line number="102" hits="0" branch="false" />
                <line number="104" hits="0" branch="false" />
                <line number="105" hits="0" branch="false" />
                <line number="106" hits="0" branch="false" />
                <line number="107" hits="0" branch="false" />
                <line number="109" hits="0" branch="false" />
                <line number="110" hits="0" branch="false" />
                <line number="111" hits="0" branch="false" />
                <line number="112" hits="0" branch="false" />
                <line number="114" hits="0" branch="false" />
              </lines>
            </method>
          </methods>
          <lines>
            <line number="8" hits="0" branch="false" />
            <line number="9" hits="0" branch="false" />
            <line number="10" hits="0" branch="false" />
            <line number="11" hits="0" branch="false" />
            <line number="14" hits="0" branch="false" />
            <line number="15" hits="0" branch="false" />
            <line number="16" hits="0" branch="false" />
            <line number="17" hits="0" branch="false" />
            <line number="18" hits="0" branch="false" />
            <line number="19" hits="0" branch="false" />
            <line number="20" hits="0" branch="false" />
            <line number="21" hits="0" branch="false" />
            <line number="22" hits="0" branch="false" />
            <line number="23" hits="0" branch="false" />
            <line number="24" hits="0" branch="false" />
            <line number="26" hits="0" branch="false" />
            <line number="27" hits="0" branch="true" condition-coverage="0% (0/10)" />
            <line number="30" hits="0" branch="false" />
            <line number="31" hits="0" branch="false" />
            <line number="33" hits="0" branch="false" />
            <line number="34" hits="0" branch="false" />
            <line number="36" hits="0" branch="false" />
            <line number="37" hits="0" branch="false" />
            <line number="39" hits="0" branch="false" />
            <line number="40" hits="0" branch="false" />
            <line number="42" hits="0" branch="false" />
            <line number="43" hits="0" branch="false" />
            <line number="45" hits="0" branch="false" />
            <line number="46" hits="0" branch="false" />
            <line number="48" hits="0" branch="false" />
            <line number="49" hits="0" branch="false" />
            <line number="51" hits="0" branch="false" />
            <line number="52" hits="0" branch="false" />
            <line number="54" hits="0" branch="false" />
            <line number="55" hits="0" branch="false" />
            <line number="57" hits="0" branch="true" condition-coverage="0% (0/2)" />
            <line number="58" hits="0" branch="false" />
            <line number="61" hits="0" branch="false" />
            <line number="65" hits="0" branch="false" />
            <line number="66" hits="0" branch="false" />
            <line number="67" hits="0" branch="true" condition-coverage="0% (0/2)" />
            <line number="68" hits="0" branch="false" />
            <line number="69" hits="0" branch="false" />
            <line number="70" hits="0" branch="false" />
            <line number="71" hits="0" branch="true" condition-coverage="0% (0/4)" />
            <line number="72" hits="0" branch="false" />
            <line number="73" hits="0" branch="false" />
            <line number="74" hits="0" branch="false" />
            <line number="75" hits="0" branch="false" />
            <line number="76" hits="0" branch="true" condition-coverage="0% (0/2)" />
            <line number="78" hits="0" branch="false" />
            <line number="79" hits="0" branch="false" />
            <line number="82" hits="0" branch="false" />
            <line number="83" hits="0" branch="false" />
            <line number="84" hits="0" branch="false" />
            <line number="85" hits="0" branch="false" />
            <line number="86" hits="0" branch="false" />
            <line number="87" hits="0" branch="false" />
            <line number="90" hits="0" branch="false" />
            <line number="91" hits="0" branch="false" />
            <line number="92" hits="0" branch="false" />
            <line number="94" hits="0" branch="false" />
            <line number="95" hits="0" branch="false" />
            <line number="97" hits="0" branch="false" />
            <line number="98" hits="0" branch="false" />
            <line number="99" hits="0" branch="false" />
            <line number="102" hits="0" branch="false" />
            <line number="104" hits="0" branch="false" />
            <line number="105" hits="0" branch="false" />
            <line number="106" hits="0" branch="false" />
            <line number="107" hits="0" branch="false" />
            <line number="109" hits="0" branch="false" />
            <line number="110" hits="0" branch="false" />
            <line number="111" hits="0" branch="false" />
            <line number="112" hits="0" branch="false" />
            <line number="114" hits="0" branch="false" />
          </lines>
        </class>
      </classes>
    </package>
    <package name="library" line-rate="0.162886597938144" branch-rate="0.160714285714286" complexity="183">
      <classes>
        <class name="library.Airplane" filename="C:\Users\mrkru\Downloads\labar10-main\labar10-main\library\Airplane.cs" line-rate="0" branch-rate="0" complexity="23">
          <methods>
            <method name="get_NumberPassanger" signature="()" line-rate="0" branch-rate="1" complexity="1">
              <lines>
                <line number="18" hits="0" branch="false" />
              </lines>
            </method>
            <method name="set_NumberPassanger" signature="(...)" line-rate="0" branch-rate="0" complexity="2">
              <lines>
                <line number="20" hits="0" branch="false" />
                <line number="21" hits="0" branch="true" condition-coverage="0% (0/2)" />
                <line number="22" hits="0" branch="false" />
                <line number="23" hits="0" branch="false" />
                <line number="24" hits="0" branch="false" />
                <line number="25" hits="0" branch="false" />
                <line number="26" hits="0" branch="false" />
              </lines>
            </method>
            <method name="get_MaxDistance" signature="()" line-rate="0" branch-rate="1" complexity="1">
              <lines>
                <line number="31" hits="0" branch="false" />
              </lines>
            </method>
            <method name="set_MaxDistance" signature="(...)" line-rate="0" branch-rate="0" complexity="2">
              <lines>
                <line number="33" hits="0" branch="false" />
                <line number="34" hits="0" branch="true" condition-coverage="0% (0/2)" />
                <line number="35" hits="0" branch="false" />
                <line number="36" hits="0" branch="false" />
                <line number="37" hits="0" branch="false" />
                <line number="38" hits="0" branch="false" />
                <line number="39" hits="0" branch="false" />
              </lines>
            </method>
            <method name="Show" signature="()" line-rate="0" branch-rate="1" complexity="1">
              <lines>
                <line number="53" hits="0" branch="false" />
                <line number="54" hits="0" branch="false" />
                <line number="55" hits="0" branch="false" />
                <line number="56" hits="0" branch="false" />
              </lines>
            </method>
            <method name="ShowNotV" signature="()" line-rate="0" branch-rate="1" complexity="1">
              <lines>
                <line number="58" hits="0" branch="false" />
                <line number="59" hits="0" branch="false" />
                <line number="60" hits="0" branch="false" />
                <line number="61" hits="0" branch="false" />
              </lines>
            </method>
            <method name="Init" signature="()" line-rate="0" branch-rate="1" complexity="1">
              <lines>
                <line number="63" hits="0" branch="false" />
                <line number="64" hits="0" branch="false" />
                <line number="65" hits="0" branch="false" />
                <line number="66" hits="0" branch="false" />
                <line number="67" hits="0" branch="false" />
                <line number="68" hits="0" branch="false" />
                <line number="69" hits="0" branch="false" />
              </lines>
            </method>
            <method name="RandomInit" signature="()" line-rate="0" branch-rate="1" complexity="1">
              <lines>
                <line number="71" hits="0" branch="false" />
                <line number="72" hits="0" branch="false" />
                <line number="73" hits="0" branch="false" />
                <line number="74" hits="0" branch="false" />
                <line number="75" hits="0" branch="false" />
              </lines>
            </method>
            <method name="Equals" signature="(...)" line-rate="0" branch-rate="0" complexity="8">
              <lines>
                <line number="78" hits="0" branch="false" />
                <line number="79" hits="0" branch="true" condition-coverage="0% (0/2)" />
                <line number="80" hits="0" branch="true" condition-coverage="0% (0/4)" />
                <line number="81" hits="0" branch="false" />
                <line number="82" hits="0" branch="true" condition-coverage="0% (0/2)" />
                <line number="83" hits="0" branch="false" />
                <line number="85" hits="0" branch="false" />
                <line number="86" hits="0" branch="false" />
              </lines>
            </method>
            <method name="ToString" signature="()" line-rate="0" branch-rate="1" complexity="1">
              <lines>
                <line number="88" hits="0" branch="false" />
                <line number="89" hits="0" branch="false" />
                <line number="90" hits="0" branch="false" />
              </lines>
            </method>
            <method name="Clone" signature="()" line-rate="0" branch-rate="1" complexity="1">
              <lines>
                <line number="92" hits="0" branch="false" />
                <line number="93" hits="0" branch="false" />
                <line number="94" hits="0" branch="false" />
              </lines>
            </method>
            <method name="ShallowCopy" signature="()" line-rate="0" branch-rate="1" complexity="1">
              <lines>
                <line number="97" hits="0" branch="false" />
                <line number="98" hits="0" branch="false" />
                <line number="99" hits="0" branch="false" />
              </lines>
            </method>
            <method name=".ctor" signature="()" line-rate="0" branch-rate="1" complexity="1">
              <lines>
                <line number="42" hits="0" branch="false" />
                <line number="43" hits="0" branch="false" />
                <line number="44" hits="0" branch="false" />
                <line number="45" hits="0" branch="false" />
                <line number="46" hits="0" branch="false" />
              </lines>
            </method>
            <method name=".ctor" signature="(...)" line-rate="0" branch-rate="1" complexity="1">
              <lines>
                <line number="47" hits="0" branch="false" />
                <line number="48" hits="0" branch="false" />
                <line number="49" hits="0" branch="false" />
                <line number="50" hits="0" branch="false" />
                <line number="51" hits="0" branch="false" />
              </lines>
            </method>
          </methods>
          <lines>
            <line number="18" hits="0" branch="false" />
            <line number="20" hits="0" branch="false" />
            <line number="21" hits="0" branch="true" condition-coverage="0% (0/2)" />
            <line number="22" hits="0" branch="false" />
            <line number="23" hits="0" branch="false" />
            <line number="24" hits="0" branch="false" />
            <line number="25" hits="0" branch="false" />
            <line number="26" hits="0" branch="false" />
            <line number="31" hits="0" branch="false" />
            <line number="33" hits="0" branch="false" />
            <line number="34" hits="0" branch="true" condition-coverage="0% (0/2)" />
            <line number="35" hits="0" branch="false" />
            <line number="36" hits="0" branch="false" />
            <line number="37" hits="0" branch="false" />
            <line number="38" hits="0" branch="false" />
            <line number="39" hits="0" branch="false" />
            <line number="42" hits="0" branch="false" />
            <line number="43" hits="0" branch="false" />
            <line number="44" hits="0" branch="false" />
            <line number="45" hits="0" branch="false" />
            <line number="46" hits="0" branch="false" />
            <line number="47" hits="0" branch="false" />
            <line number="48" hits="0" branch="false" />
            <line number="49" hits="0" branch="false" />
            <line number="50" hits="0" branch="false" />
            <line number="51" hits="0" branch="false" />
            <line number="53" hits="0" branch="false" />
            <line number="54" hits="0" branch="false" />
            <line number="55" hits="0" branch="false" />
            <line number="56" hits="0" branch="false" />
            <line number="58" hits="0" branch="false" />
            <line number="59" hits="0" branch="false" />
            <line number="60" hits="0" branch="false" />
            <line number="61" hits="0" branch="false" />
            <line number="63" hits="0" branch="false" />
            <line number="64" hits="0" branch="false" />
            <line number="65" hits="0" branch="false" />
            <line number="66" hits="0" branch="false" />
            <line number="67" hits="0" branch="false" />
            <line number="68" hits="0" branch="false" />
            <line number="69" hits="0" branch="false" />
            <line number="71" hits="0" branch="false" />
            <line number="72" hits="0" branch="false" />
            <line number="73" hits="0" branch="false" />
            <line number="74" hits="0" branch="false" />
            <line number="75" hits="0" branch="false" />
            <line number="78" hits="0" branch="false" />
            <line number="79" hits="0" branch="true" condition-coverage="0% (0/2)" />
            <line number="80" hits="0" branch="true" condition-coverage="0% (0/4)" />
            <line number="81" hits="0" branch="false" />
            <line number="82" hits="0" branch="true" condition-coverage="0% (0/2)" />
            <line number="83" hits="0" branch="false" />
            <line number="85" hits="0" branch="false" />
            <line number="86" hits="0" branch="false" />
            <line number="88" hits="0" branch="false" />
            <line number="89" hits="0" branch="false" />
            <line number="90" hits="0" branch="false" />
            <line number="92" hits="0" branch="false" />
            <line number="93" hits="0" branch="false" />
            <line number="94" hits="0" branch="false" />
            <line number="97" hits="0" branch="false" />
            <line number="98" hits="0" branch="false" />
            <line number="99" hits="0" branch="false" />
          </lines>
        </class>
        <class name="library.Empity" filename="C:\Users\mrkru\Downloads\labar10-main\labar10-main\library\Empity.cs" line-rate="0" branch-rate="1" complexity="1">
          <methods>
            <method name="Main" signature="()" line-rate="0" branch-rate="1" complexity="1">
              <lines>
                <line number="12" hits="0" branch="false" />
                <line number="13" hits="0" branch="false" />
                <line number="14" hits="0" branch="false" />
              </lines>
            </method>
          </methods>
          <lines>
            <line number="12" hits="0" branch="false" />
            <line number="13" hits="0" branch="false" />
            <line number="14" hits="0" branch="false" />
          </lines>
        </class>
        <class name="library.Fighterjet" filename="C:\Users\mrkru\Downloads\labar10-main\labar10-main\library\Fighterjet.cs" line-rate="0" branch-rate="0" complexity="19">
          <methods>
            <method name="get_ClassFighterjet" signature="()" line-rate="0" branch-rate="1" complexity="1">
              <lines>
                <line number="17" hits="0" branch="false" />
              </lines>
            </method>
            <method name="set_ClassFighterjet" signature="(...)" line-rate="0" branch-rate="0" complexity="2">
              <lines>
                <line number="19" hits="0" branch="false" />
                <line number="20" hits="0" branch="false" />
                <line number="21" hits="0" branch="true" condition-coverage="0% (0/2)" />
                <line number="22" hits="0" branch="false" />
                <line number="23" hits="0" branch="false" />
                <line number="24" hits="0" branch="false" />
                <line number="26" hits="0" branch="false" />
                <line number="27" hits="0" branch="false" />
                <line number="28" hits="0" branch="false" />
                <line number="29" hits="0" branch="false" />
              </lines>
            </method>
            <method name="Show" signature="()" line-rate="0" branch-rate="1" complexity="1">
              <lines>
                <line number="40" hits="0" branch="false" />
                <line number="41" hits="0" branch="false" />
                <line number="42" hits="0" branch="false" />
                <line number="43" hits="0" branch="false" />
              </lines>
            </method>
            <method name="ShowNotV" signature="()" line-rate="0" branch-rate="1" complexity="1">
              <lines>
                <line number="45" hits="0" branch="false" />
                <line number="46" hits="0" branch="false" />
                <line number="47" hits="0" branch="false" />
                <line number="48" hits="0" branch="false" />
              </lines>
            </method>
            <method name="Init" signature="()" line-rate="0" branch-rate="1" complexity="1">
              <lines>
                <line number="50" hits="0" branch="false" />
                <line number="51" hits="0" branch="false" />
                <line number="52" hits="0" branch="false" />
                <line number="53" hits="0" branch="false" />
                <line number="54" hits="0" branch="false" />
              </lines>
            </method>
            <method name="RandomInit" signature="()" line-rate="0" branch-rate="1" complexity="1">
              <lines>
                <line number="56" hits="0" branch="false" />
                <line number="57" hits="0" branch="false" />
                <line number="58" hits="0" branch="false" />
                <line number="59" hits="0" branch="false" />
              </lines>
            </method>
            <method name="Equals" signature="(...)" line-rate="0" branch-rate="0" complexity="6">
              <lines>
                <line number="62" hits="0" branch="false" />
                <line number="63" hits="0" branch="true" condition-coverage="0% (0/2)" />
                <line number="64" hits="0" branch="true" condition-coverage="0% (0/4)" />
                <line number="65" hits="0" branch="false" />
                <line number="66" hits="0" branch="false" />
                <line number="68" hits="0" branch="false" />
                <line number="69" hits="0" branch="false" />
              </lines>
            </method>
            <method name="ToString" signature="()" line-rate="0" branch-rate="1" complexity="1">
              <lines>
                <line number="71" hits="0" branch="false" />
                <line number="72" hits="0" branch="false" />
                <line number="73" hits="0" branch="false" />
              </lines>
            </method>
            <method name="Clone" signature="()" line-rate="0" branch-rate="1" complexity="1">
              <lines>
                <line number="75" hits="0" branch="false" />
                <line number="76" hits="0" branch="false" />
                <line number="77" hits="0" branch="false" />
              </lines>
            </method>
            <method name="ShallowCopy" signature="()" line-rate="0" branch-rate="1" complexity="1">
              <lines>
                <line number="80" hits="0" branch="false" />
                <line number="81" hits="0" branch="false" />
                <line number="82" hits="0" branch="false" />
              </lines>
            </method>
            <method name=".ctor" signature="()" line-rate="0" branch-rate="1" complexity="1">
              <lines>
                <line number="31" hits="0" branch="false" />
                <line number="32" hits="0" branch="false" />
                <line number="33" hits="0" branch="false" />
                <line number="34" hits="0" branch="false" />
              </lines>
            </method>
            <method name=".ctor" signature="(...)" line-rate="0" branch-rate="1" complexity="1">
              <lines>
                <line number="35" hits="0" branch="false" />
                <line number="36" hits="0" branch="false" />
                <line number="37" hits="0" branch="false" />
                <line number="38" hits="0" branch="false" />
              </lines>
            </method>
            <method name=".cctor" signature="()" line-rate="0" branch-rate="1" complexity="1">
              <lines>
                <line number="14" hits="0" branch="false" />
              </lines>
            </method>
          </methods>
          <lines>
            <line number="14" hits="0" branch="false" />
            <line number="17" hits="0" branch="false" />
            <line number="19" hits="0" branch="false" />
            <line number="20" hits="0" branch="false" />
            <line number="21" hits="0" branch="true" condition-coverage="0% (0/2)" />
            <line number="22" hits="0" branch="false" />
            <line number="23" hits="0" branch="false" />
            <line number="24" hits="0" branch="false" />
            <line number="26" hits="0" branch="false" />
            <line number="27" hits="0" branch="false" />
            <line number="28" hits="0" branch="false" />
            <line number="29" hits="0" branch="false" />
            <line number="31" hits="0" branch="false" />
            <line number="32" hits="0" branch="false" />
            <line number="33" hits="0" branch="false" />
            <line number="34" hits="0" branch="false" />
            <line number="35" hits="0" branch="false" />
            <line number="36" hits="0" branch="false" />
            <line number="37" hits="0" branch="false" />
            <line number="38" hits="0" branch="false" />
            <line number="40" hits="0" branch="false" />
            <line number="41" hits="0" branch="false" />
            <line number="42" hits="0" branch="false" />
            <line number="43" hits="0" branch="false" />
            <line number="45" hits="0" branch="false" />
            <line number="46" hits="0" branch="false" />
            <line number="47" hits="0" branch="false" />
            <line number="48" hits="0" branch="false" />
            <line number="50" hits="0" branch="false" />
            <line number="51" hits="0" branch="false" />
            <line number="52" hits="0" branch="false" />
            <line number="53" hits="0" branch="false" />
            <line number="54" hits="0" branch="false" />
            <line number="56" hits="0" branch="false" />
            <line number="57" hits="0" branch="false" />
            <line number="58" hits="0" branch="false" />
            <line number="59" hits="0" branch="false" />
            <line number="62" hits="0" branch="false" />
            <line number="63" hits="0" branch="true" condition-coverage="0% (0/2)" />
            <line number="64" hits="0" branch="true" condition-coverage="0% (0/4)" />
            <line number="65" hits="0" branch="false" />
            <line number="66" hits="0" branch="false" />
            <line number="68" hits="0" branch="false" />
            <line number="69" hits="0" branch="false" />
            <line number="71" hits="0" branch="false" />
            <line number="72" hits="0" branch="false" />
            <line number="73" hits="0" branch="false" />
            <line number="75" hits="0" branch="false" />
            <line number="76" hits="0" branch="false" />
            <line number="77" hits="0" branch="false" />
            <line number="80" hits="0" branch="false" />
            <line number="81" hits="0" branch="false" />
            <line number="82" hits="0" branch="false" />
          </lines>
        </class>
        <class name="library.Helicopter" filename="C:\Users\mrkru\Downloads\labar10-main\labar10-main\library\Helicopter.cs" line-rate="0" branch-rate="0" complexity="20">
          <methods>
            <method name="get_NumberBlades" signature="()" line-rate="0" branch-rate="1" complexity="1">
              <lines>
                <line number="16" hits="0" branch="false" />
              </lines>
            </method>
            <method name="set_NumberBlades" signature="(...)" line-rate="0" branch-rate="0" complexity="4">
              <lines>
                <line number="18" hits="0" branch="false" />
                <line number="19" hits="0" branch="true" condition-coverage="0% (0/2)" />
                <line number="20" hits="0" branch="false" />
                <line number="21" hits="0" branch="false" />
                <line number="22" hits="0" branch="false" />
                <line number="23" hits="0" branch="true" condition-coverage="0% (0/2)" />
                <line number="24" hits="0" branch="false" />
                <line number="25" hits="0" branch="false" />
                <line number="26" hits="0" branch="false" />
                <line number="28" hits="0" branch="false" />
                <line number="29" hits="0" branch="false" />
                <line number="30" hits="0" branch="false" />
                <line number="31" hits="0" branch="false" />
              </lines>
            </method>
            <method name="Show" signature="()" line-rate="0" branch-rate="1" complexity="1">
              <lines>
                <line number="43" hits="0" branch="false" />
                <line number="44" hits="0" branch="false" />
                <line number="45" hits="0" branch="false" />
                <line number="46" hits="0" branch="false" />
              </lines>
            </method>
            <method name="ShowNotV" signature="()" line-rate="0" branch-rate="1" complexity="1">
              <lines>
                <line number="48" hits="0" branch="false" />
                <line number="49" hits="0" branch="false" />
                <line number="50" hits="0" branch="false" />
                <line number="51" hits="0" branch="false" />
              </lines>
            </method>
            <method name="Init" signature="()" line-rate="0" branch-rate="1" complexity="1">
              <lines>
                <line number="53" hits="0" branch="false" />
                <line number="54" hits="0" branch="false" />
                <line number="55" hits="0" branch="false" />
                <line number="56" hits="0" branch="false" />
                <line number="57" hits="0" branch="false" />
              </lines>
            </method>
            <method name="RandomInit" signature="()" line-rate="0" branch-rate="1" complexity="1">
              <lines>
                <line number="59" hits="0" branch="false" />
                <line number="60" hits="0" branch="false" />
                <line number="61" hits="0" branch="false" />
                <line number="62" hits="0" branch="false" />
              </lines>
            </method>
            <method name="Equals" signature="(...)" line-rate="0" branch-rate="0" complexity="6">
              <lines>
                <line number="65" hits="0" branch="false" />
                <line number="66" hits="0" branch="true" condition-coverage="0% (0/2)" />
                <line number="67" hits="0" branch="true" condition-coverage="0% (0/4)" />
                <line number="68" hits="0" branch="false" />
                <line number="69" hits="0" branch="false" />
                <line number="71" hits="0" branch="false" />
                <line number="72" hits="0" branch="false" />
              </lines>
            </method>
            <method name="ToString" signature="()" line-rate="0" branch-rate="1" complexity="1">
              <lines>
                <line number="75" hits="0" branch="false" />
                <line number="76" hits="0" branch="false" />
                <line number="77" hits="0" branch="false" />
              </lines>
            </method>
            <method name="Clone" signature="()" line-rate="0" branch-rate="1" complexity="1">
              <lines>
                <line number="80" hits="0" branch="false" />
                <line number="81" hits="0" branch="false" />
                <line number="82" hits="0" branch="false" />
              </lines>
            </method>
            <method name="ShallowCopy" signature="()" line-rate="0" branch-rate="1" complexity="1">
              <lines>
                <line number="85" hits="0" branch="false" />
                <line number="86" hits="0" branch="false" />
                <line number="87" hits="0" branch="false" />
              </lines>
            </method>
            <method name=".ctor" signature="()" line-rate="0" branch-rate="1" complexity="1">
              <lines>
                <line number="34" hits="0" branch="false" />
                <line number="35" hits="0" branch="false" />
                <line number="36" hits="0" branch="false" />
                <line number="37" hits="0" branch="false" />
              </lines>
            </method>
            <method name=".ctor" signature="(...)" line-rate="0" branch-rate="1" complexity="1">
              <lines>
                <line number="38" hits="0" branch="false" />
                <line number="39" hits="0" branch="false" />
                <line number="40" hits="0" branch="false" />
                <line number="41" hits="0" branch="false" />
              </lines>
            </method>
          </methods>
          <lines>
            <line number="16" hits="0" branch="false" />
            <line number="18" hits="0" branch="false" />
            <line number="19" hits="0" branch="true" condition-coverage="0% (0/2)" />
            <line number="20" hits="0" branch="false" />
            <line number="21" hits="0" branch="false" />
            <line number="22" hits="0" branch="false" />
            <line number="23" hits="0" branch="true" condition-coverage="0% (0/2)" />
            <line number="24" hits="0" branch="false" />
            <line number="25" hits="0" branch="false" />
            <line number="26" hits="0" branch="false" />
            <line number="28" hits="0" branch="false" />
            <line number="29" hits="0" branch="false" />
            <line number="30" hits="0" branch="false" />
            <line number="31" hits="0" branch="false" />
            <line number="34" hits="0" branch="false" />
            <line number="35" hits="0" branch="false" />
            <line number="36" hits="0" branch="false" />
            <line number="37" hits="0" branch="false" />
            <line number="38" hits="0" branch="false" />
            <line number="39" hits="0" branch="false" />
            <line number="40" hits="0" branch="false" />
            <line number="41" hits="0" branch="false" />
            <line number="43" hits="0" branch="false" />
            <line number="44" hits="0" branch="false" />
            <line number="45" hits="0" branch="false" />
            <line number="46" hits="0" branch="false" />
            <line number="48" hits="0" branch="false" />
            <line number="49" hits="0" branch="false" />
            <line number="50" hits="0" branch="false" />
            <line number="51" hits="0" branch="false" />
            <line number="53" hits="0" branch="false" />
            <line number="54" hits="0" branch="false" />
            <line number="55" hits="0" branch="false" />
            <line number="56" hits="0" branch="false" />
            <line number="57" hits="0" branch="false" />
            <line number="59" hits="0" branch="false" />
            <line number="60" hits="0" branch="false" />
            <line number="61" hits="0" branch="false" />
            <line number="62" hits="0" branch="false" />
            <line number="65" hits="0" branch="false" />
            <line number="66" hits="0" branch="true" condition-coverage="0% (0/2)" />
            <line number="67" hits="0" branch="true" condition-coverage="0% (0/4)" />
            <line number="68" hits="0" branch="false" />
            <line number="69" hits="0" branch="false" />
            <line number="71" hits="0" branch="false" />
            <line number="72" hits="0" branch="false" />
            <line number="75" hits="0" branch="false" />
            <line number="76" hits="0" branch="false" />
            <line number="77" hits="0" branch="false" />
            <line number="80" hits="0" branch="false" />
            <line number="81" hits="0" branch="false" />
            <line number="82" hits="0" branch="false" />
            <line number="85" hits="0" branch="false" />
            <line number="86" hits="0" branch="false" />
            <line number="87" hits="0" branch="false" />
          </lines>
        </class>
        <class name="library.Runner" filename="C:\Users\mrkru\Downloads\labar10-main\labar10-main\library\Runner.cs" line-rate="0" branch-rate="0" complexity="35">
          <methods>
            <method name="get_Speed" signature="()" line-rate="0" branch-rate="1" complexity="1">
              <lines>
                <line number="19" hits="0" branch="false" />
              </lines>
            </method>
            <method name="set_Speed" signature="(...)" line-rate="0" branch-rate="0" complexity="2">
              <lines>
                <line number="21" hits="0" branch="false" />
                <line number="22" hits="0" branch="true" condition-coverage="0% (0/2)" />
                <line number="23" hits="0" branch="false" />
                <line number="24" hits="0" branch="false" />
                <line number="26" hits="0" branch="false" />
                <line number="27" hits="0" branch="false" />
              </lines>
            </method>
            <method name="get_Distance" signature="()" line-rate="0" branch-rate="1" complexity="1">
              <lines>
                <line number="31" hits="0" branch="false" />
              </lines>
            </method>
            <method name="set_Distance" signature="(...)" line-rate="0" branch-rate="0" complexity="2">
              <lines>
                <line number="33" hits="0" branch="false" />
                <line number="34" hits="0" branch="true" condition-coverage="0% (0/2)" />
                <line number="35" hits="0" branch="false" />
                <line number="36" hits="0" branch="false" />
                <line number="38" hits="0" branch="false" />
                <line number="39" hits="0" branch="false" />
              </lines>
            </method>
            <method name="GetTime" signature="()" line-rate="0" branch-rate="1" complexity="1">
              <lines>
                <line number="61" hits="0" branch="false" />
                <line number="62" hits="0" branch="false" />
                <line number="63" hits="0" branch="false" />
              </lines>
            </method>
            <method name="GetTime" signature="(...)" line-rate="0" branch-rate="1" complexity="1">
              <lines>
                <line number="66" hits="0" branch="false" />
                <line number="67" hits="0" branch="false" />
                <line number="68" hits="0" branch="false" />
              </lines>
            </method>
            <method name="GetTime" signature="(...)" line-rate="0" branch-rate="1" complexity="1">
              <lines>
                <line number="71" hits="0" branch="false" />
                <line number="72" hits="0" branch="false" />
                <line number="73" hits="0" branch="false" />
              </lines>
            </method>
            <method name="Show" signature="()" line-rate="0" branch-rate="1" complexity="1">
              <lines>
                <line number="76" hits="0" branch="false" />
                <line number="77" hits="0" branch="false" />
                <line number="78" hits="0" branch="false" />
              </lines>
            </method>
            <method name="op_Increment" signature="(...)" line-rate="0" branch-rate="1" complexity="1">
              <lines>
                <line number="81" hits="0" branch="false" />
                <line number="82" hits="0" branch="false" />
                <line number="83" hits="0" branch="false" />
                <line number="84" hits="0" branch="false" />
              </lines>
            </method>
            <method name="op_Decrement" signature="(...)" line-rate="0" branch-rate="1" complexity="1">
              <lines>
                <line number="87" hits="0" branch="false" />
                <line number="88" hits="0" branch="false" />
                <line number="89" hits="0" branch="false" />
                <line number="90" hits="0" branch="false" />
              </lines>
            </method>
            <method name="op_Explicit" signature="(...)" line-rate="0" branch-rate="1" complexity="1">
              <lines>
                <line number="93" hits="0" branch="false" />
                <line number="94" hits="0" branch="false" />
                <line number="95" hits="0" branch="false" />
                <line number="96" hits="0" branch="false" />
                <line number="97" hits="0" branch="false" />
              </lines>
            </method>
            <method name="op_Implicit" signature="(...)" line-rate="0" branch-rate="1" complexity="1">
              <lines>
                <line number="100" hits="0" branch="false" />
                <line number="101" hits="0" branch="false" />
                <line number="102" hits="0" branch="false" />
                <line number="103" hits="0" branch="false" />
                <line number="105" hits="0" branch="false" />
                <line number="106" hits="0" branch="false" />
              </lines>
            </method>
            <method name="op_Subtraction" signature="(...)" line-rate="0" branch-rate="0" complexity="6">
              <lines>
                <line number="109" hits="0" branch="false" />
                <line number="110" hits="0" branch="false" />
                <line number="111" hits="0" branch="false" />
                <line number="113" hits="0" branch="true" condition-coverage="0% (0/4)" />
                <line number="114" hits="0" branch="false" />
                <line number="115" hits="0" branch="false" />
                <line number="117" hits="0" branch="true" condition-coverage="0% (0/2)" />
                <line number="118" hits="0" branch="false" />
                <line number="119" hits="0" branch="false" />
                <line number="121" hits="0" branch="false" />
                <line number="123" hits="0" branch="false" />
              </lines>
            </method>
            <method name="op_ExclusiveOr" signature="(...)" line-rate="0" branch-rate="1" complexity="1">
              <lines>
                <line number="126" hits="0" branch="false" />
                <line number="127" hits="0" branch="false" />
                <line number="128" hits="0" branch="false" />
                <line number="129" hits="0" branch="false" />
                <line number="130" hits="0" branch="false" />
              </lines>
            </method>
            <method name="Equals" signature="(...)" line-rate="0" branch-rate="0" complexity="6">
              <lines>
                <line number="133" hits="0" branch="false" />
                <line number="134" hits="0" branch="true" condition-coverage="0% (0/4)" />
                <line number="135" hits="0" branch="false" />
                <line number="136" hits="0" branch="false" />
                <line number="139" hits="0" branch="false" />
                <line number="140" hits="0" branch="true" condition-coverage="0% (0/2)" />
                <line number="141" hits="0" branch="false" />
              </lines>
            </method>
            <method name="Init" signature="()" line-rate="0" branch-rate="1" complexity="1">
              <lines>
                <line number="144" hits="0" branch="false" />
                <line number="145" hits="0" branch="false" />
                <line number="146" hits="0" branch="false" />
                <line number="147" hits="0" branch="false" />
                <line number="148" hits="0" branch="false" />
                <line number="149" hits="0" branch="false" />
              </lines>
            </method>
            <method name="TryParseToDoubleFunc" signature="(...)" line-rate="0" branch-rate="0" complexity="2">
              <lines>
                <line number="151" hits="0" branch="false" />
                <line number="153" hits="0" branch="true" condition-coverage="0% (0/2)" />
                <line number="154" hits="0" branch="false" />
                <line number="155" hits="0" branch="false" />
                <line number="156" hits="0" branch="false" />
                <line number="157" hits="0" branch="false" />
                <line number="158" hits="0" branch="false" />
              </lines>
            </method>
            <method name="RandomInit" signature="()" line-rate="0" branch-rate="1" complexity="1">
              <lines>
                <line number="160" hits="0" branch="false" />
                <line number="161" hits="0" branch="false" />
                <line number="162" hits="0" branch="false" />
                <line number="163" hits="0" branch="false" />
              </lines>
            </method>
            <method name="ToString" signature="()" line-rate="0" branch-rate="1" complexity="1">
              <lines>
                <line number="165" hits="0" branch="false" />
                <line number="166" hits="0" branch="false" />
                <line number="167" hits="0" branch="false" />
              </lines>
            </method>
            <method name=".ctor" signature="()" line-rate="0" branch-rate="0" complexity="1">
              <lines>
                <line number="14" hits="0" branch="false" />
                <line number="19" hits="0" branch="false" />
                <line number="21" hits="0" branch="false" />
                <line number="22" hits="0" branch="true" condition-coverage="0% (0/2)" />
                <line number="23" hits="0" branch="false" />
                <line number="24" hits="0" branch="false" />
                <line number="26" hits="0" branch="false" />
                <line number="27" hits="0" branch="false" />
                <line number="31" hits="0" branch="false" />
                <line number="33" hits="0" branch="false" />
                <line number="34" hits="0" branch="true" condition-coverage="0% (0/2)" />
                <line number="35" hits="0" branch="false" />
                <line number="36" hits="0" branch="false" />
                <line number="38" hits="0" branch="false" />
                <line number="39" hits="0" branch="false" />
                <line number="42" hits="0" branch="false" />
                <line number="43" hits="0" branch="false" />
[...]
                <line number="482" hits="5" branch="false" />
                <line number="483" hits="5" branch="false" />
                <line number="486" hits="1" branch="false" />
                <line number="489" hits="1" branch="false" />
                <line number="490" hits="1" branch="false" />
                <line number="491" hits="1" branch="false" />
                <line number="492" hits="1" branch="false" />
              </lines>
            </method>
            <method name="DeleteListEmptyList" signature="()" line-rate="1" branch-rate="1" complexity="1">
              <lines>
                <line number="496" hits="1" branch="false" />
                <line number="498" hits="1" branch="false" />
                <line number="501" hits="1" branch="false" />
                <line number="504" hits="1" branch="false" />
                <line number="505" hits="1" branch="false" />
                <line number="506" hits="1" branch="false" />
                <line number="507" hits="1" branch="false" />
              </lines>
            </method>
            <method name="Point" signature="()" line-rate="1" branch-rate="1" complexity="1">
              <lines>
                <line number="510" hits="1" branch="false" />
                <line number="512" hits="1" branch="false" />
                <line number="517" hits="1" branch="false" />
                <line number="518" hits="1" branch="false" />
                <line number="519" hits="1" branch="false" />
                <line number="520" hits="1" branch="false" />
              </lines>
            </method>
            <method name="ToString" signature="()" line-rate="1" branch-rate="1" complexity="1">
              <lines>
                <line number="523" hits="1" branch="false" />
                <line number="525" hits="1" branch="false" />
                <line number="526" hits="1" branch="false" />
                <line number="529" hits="1" branch="false" />
                <line number="532" hits="1" branch="false" />
                <line number="533" hits="1" branch="false" />
              </lines>
            </method>
            <method name="Clone" signature="()" line-rate="1" branch-rate="1" complexity="1">
              <lines>
                <line number="537" hits="1" branch="false" />
                <line number="539" hits="1" branch="false" />
                <line number="540" hits="1" branch="false" />
                <line number="543" hits="1" branch="false" />
                <line number="546" hits="1" branch="false" />
                <line number="547" hits="1" branch="false" />
                <line number="548" hits="1" branch="false" />
              </lines>
            </method>
          </methods>
          <lines>
            <line number="10" hits="1" branch="false" />
            <line number="12" hits="1" branch="false" />
            <line number="13" hits="1" branch="false" />
            <line number="14" hits="1" branch="false" />
            <line number="17" hits="1" branch="false" />
            <line number="20" hits="1" branch="false" />
            <line number="21" hits="1" branch="false" />
            <line number="22" hits="1" branch="false" />
            <line number="23" hits="1" branch="false" />
            <line number="27" hits="1" branch="false" />
            <line number="29" hits="1" branch="false" />
            <line number="30" hits="1" branch="false" />
            <line number="31" hits="1" branch="false" />
            <line number="34" hits="1" branch="false" />
            <line number="37" hits="1" branch="false" />
            <line number="38" hits="1" branch="false" />
            <line number="39" hits="1" branch="false" />
            <line number="40" hits="1" branch="false" />
            <line number="44" hits="1" branch="false" />
            <line number="46" hits="1" branch="false" />
            <line number="47" hits="1" branch="false" />
            <line number="48" hits="1" branch="false" />
            <line number="49" hits="1" branch="false" />
            <line number="51" hits="1" branch="false" />
            <line number="52" hits="1" branch="false" />
            <line number="55" hits="1" branch="false" />
            <line number="58" hits="1" branch="false" />
            <line number="59" hits="1" branch="false" />
            <line number="60" hits="1" branch="false" />
            <line number="61" hits="1" branch="false" />
            <line number="65" hits="1" branch="false" />
            <line number="67" hits="1" branch="false" />
            <line number="68" hits="1" branch="false" />
            <line number="71" hits="1" branch="false" />
            <line number="74" hits="1" branch="false" />
            <line number="75" hits="1" branch="false" />
            <line number="76" hits="1" branch="false" />
            <line number="77" hits="1" branch="false" />
            <line number="81" hits="1" branch="false" />
            <line number="83" hits="1" branch="false" />
            <line number="84" hits="1" branch="false" />
            <line number="85" hits="1" branch="false" />
            <line number="86" hits="1" branch="false" />
            <line number="89" hits="1" branch="false" />
            <line number="92" hits="1" branch="false" />
            <line number="93" hits="1" branch="false" />
            <line number="94" hits="1" branch="false" />
            <line number="95" hits="1" branch="false" />
            <line number="96" hits="1" branch="false" />
            <line number="100" hits="1" branch="false" />
            <line number="102" hits="1" branch="false" />
            <line number="103" hits="1" branch="false" />
            <line number="104" hits="1" branch="false" />
            <line number="105" hits="1" branch="false" />
            <line number="106" hits="1" branch="false" />
            <line number="107" hits="1" branch="false" />
            <line number="108" hits="1" branch="false" />
            <line number="111" hits="1" branch="false" />
            <line number="114" hits="1" branch="false" />
            <line number="115" hits="1" branch="false" />
            <line number="116" hits="1" branch="false" />
            <line number="117" hits="1" branch="false" />
            <line number="118" hits="1" branch="false" />
            <line number="119" hits="1" branch="false" />
            <line number="123" hits="1" branch="false" />
            <line number="125" hits="1" branch="false" />
            <line number="126" hits="1" branch="false" />
            <line number="127" hits="1" branch="false" />
            <line number="128" hits="1" branch="false" />
            <line number="129" hits="1" branch="false" />
            <line number="130" hits="1" branch="false" />
            <line number="131" hits="1" branch="false" />
            <line number="134" hits="1" branch="false" />
            <line number="137" hits="1" branch="false" />
            <line number="138" hits="1" branch="false" />
            <line number="139" hits="1" branch="false" />
            <line number="140" hits="1" branch="false" />
            <line number="141" hits="1" branch="false" />
            <line number="142" hits="1" branch="false" />
            <line number="146" hits="1" branch="false" />
            <line number="148" hits="1" branch="false" />
            <line number="149" hits="1" branch="false" />
            <line number="150" hits="1" branch="false" />
            <line number="151" hits="1" branch="false" />
            <line number="152" hits="1" branch="false" />
            <line number="153" hits="1" branch="false" />
            <line number="154" hits="1" branch="false" />
            <line number="155" hits="1" branch="false" />
            <line number="156" hits="1" branch="false" />
            <line number="157" hits="1" branch="false" />
            <line number="160" hits="1" branch="false" />
            <line number="163" hits="1" branch="false" />
            <line number="164" hits="1" branch="false" />
            <line number="165" hits="1" branch="false" />
            <line number="166" hits="1" branch="false" />
            <line number="167" hits="1" branch="false" />
            <line number="168" hits="1" branch="false" />
            <line number="169" hits="1" branch="false" />
            <line number="173" hits="1" branch="false" />
            <line number="175" hits="1" branch="false" />
            <line number="176" hits="1" branch="false" />
            <line number="177" hits="1" branch="false" />
            <line number="178" hits="1" branch="false" />
            <line number="179" hits="1" branch="false" />
            <line number="180" hits="1" branch="false" />
            <line number="183" hits="1" branch="false" />
            <line number="186" hits="1" branch="false" />
            <line number="187" hits="1" branch="false" />
            <line number="188" hits="1" branch="false" />
            <line number="189" hits="1" branch="false" />
            <line number="190" hits="1" branch="false" />
            <line number="195" hits="1" branch="false" />
            <line number="197" hits="1" branch="false" />
            <line number="198" hits="1" branch="false" />
            <line number="199" hits="1" branch="false" />
            <line number="202" hits="1" branch="false" />
            <line number="205" hits="0" branch="false" />
            <line number="209" hits="1" branch="false" />
            <line number="211" hits="1" branch="false" />
            <line number="212" hits="1" branch="false" />
            <line number="213" hits="1" branch="false" />
            <line number="216" hits="1" branch="false" />
            <line number="219" hits="1" branch="false" />
            <line number="220" hits="1" branch="false" />
            <line number="221" hits="1" branch="false" />
            <line number="222" hits="1" branch="false" />
            <line number="226" hits="1" branch="false" />
            <line number="228" hits="1" branch="false" />
            <line number="229" hits="1" branch="false" />
            <line number="230" hits="1" branch="false" />
            <line number="231" hits="1" branch="false" />
            <line number="233" hits="1" branch="false" />
            <line number="234" hits="1" branch="false" />
            <line number="237" hits="1" branch="false" />
            <line number="240" hits="1" branch="false" />
            <line number="241" hits="1" branch="false" />
            <line number="242" hits="1" branch="false" />
            <line number="243" hits="1" branch="false" />
            <line number="247" hits="1" branch="false" />
            <line number="249" hits="1" branch="false" />
            <line number="250" hits="1" branch="false" />
            <line number="251" hits="1" branch="false" />
            <line number="252" hits="1" branch="false" />
            <line number="253" hits="1" branch="false" />
            <line number="254" hits="1" branch="false" />
            <line number="255" hits="1" branch="false" />
            <line number="257" hits="1" branch="false" />
            <line number="258" hits="1" branch="false" />
            <line number="261" hits="1" branch="false" />
            <line number="264" hits="1" branch="false" />
            <line number="265" hits="1" branch="false" />
            <line number="266" hits="1" branch="false" />
            <line number="267" hits="1" branch="false" />
            <line number="268" hits="1" branch="false" />
            <line number="272" hits="1" branch="false" />
            <line number="274" hits="1" branch="false" />
            <line number="275" hits="1" branch="false" />
            <line number="276" hits="12" branch="true" condition-coverage="100% (2/2)" />
            <line number="277" hits="5" branch="false" />
            <line number="278" hits="5" branch="false" />
            <line number="279" hits="5" branch="false" />
            <line number="280" hits="5" branch="false" />
            <line number="281" hits="5" branch="false" />
            <line number="284" hits="1" branch="false" />
            <line number="287" hits="1" branch="false" />
            <line number="288" hits="1" branch="false" />
            <line number="289" hits="1" branch="false" />
            <line number="290" hits="1" branch="false" />
            <line number="291" hits="1" branch="false" />
            <line number="295" hits="1" branch="false" />
            <line number="297" hits="1" branch="false" />
            <line number="300" hits="1" branch="false" />
            <line number="303" hits="1" branch="false" />
            <line number="304" hits="1" branch="false" />
            <line number="305" hits="1" branch="false" />
            <line number="306" hits="1" branch="false" />
            <line number="310" hits="1" branch="false" />
            <line number="312" hits="1" branch="false" />
            <line number="315" hits="1" branch="false" />
            <line number="318" hits="1" branch="false" />
            <line number="319" hits="1" branch="false" />
            <line number="320" hits="1" branch="false" />
            <line number="321" hits="1" branch="false" />
            <line number="326" hits="1" branch="false" />
            <line number="328" hits="1" branch="false" />
            <line number="331" hits="1" branch="false" />
            <line number="334" hits="0" branch="false" />
            <line number="338" hits="1" branch="false" />
            <line number="340" hits="1" branch="false" />
            <line number="341" hits="1" branch="false" />
            <line number="342" hits="1" branch="false" />
            <line number="343" hits="1" branch="false" />
            <line number="344" hits="1" branch="false" />
            <line number="345" hits="1" branch="false" />
            <line number="348" hits="1" branch="false" />
            <line number="351" hits="1" branch="false" />
            <line number="352" hits="1" branch="false" />
            <line number="353" hits="1" branch="false" />
            <line number="354" hits="1" branch="false" />
            <line number="358" hits="1" branch="false" />
            <line number="360" hits="1" branch="false" />
            <line number="361" hits="1" branch="false" />
            <line number="362" hits="1" branch="false" />
            <line number="363" hits="1" branch="false" />
            <line number="364" hits="1" branch="false" />
            <line number="365" hits="1" branch="false" />
            <line number="366" hits="1" branch="false" />
            <line number="369" hits="1" branch="false" />
            <line number="372" hits="1" branch="false" />
            <line number="374" hits="1" branch="false" />
            <line number="375" hits="1" branch="false" />
            <line number="377" hits="3" branch="true" condition-coverage="100% (4/4)" />
            <line number="378" hits="2" branch="false" />
            <line number="379" hits="2" branch="false" />
            <line number="380" hits="2" branch="false" />
            <line number="381" hits="2" branch="false" />
            <line number="382" hits="2" branch="false" />
            <line number="383" hits="1" branch="false" />
            <line number="388" hits="1" branch="false" />
            <line number="390" hits="1" branch="false" />
            <line number="393" hits="1" branch="false" />
            <line number="396" hits="0" branch="false" />
            <line number="401" hits="1" branch="false" />
            <line number="403" hits="1" branch="false" />
            <line number="406" hits="1" branch="false" />
            <line number="409" hits="0" branch="false" />
            <line number="414" hits="1" branch="false" />
            <line number="416" hits="1" branch="false" />
            <line number="419" hits="1" branch="false" />
            <line number="422" hits="0" branch="false" />
            <line number="427" hits="1" branch="false" />
            <line number="429" hits="1" branch="false" />
            <line number="432" hits="1" branch="false" />
            <line number="435" hits="0" branch="false" />
            <line number="439" hits="1" branch="false" />
            <line number="441" hits="1" branch="false" />
            <line number="442" hits="1" branch="false" />
            <line number="443" hits="1" branch="false" />
            <line number="444" hits="1" branch="false" />
            <line number="445" hits="1" branch="false" />
            <line number="448" hits="1" branch="false" />
            <line number="451" hits="1" branch="false" />
            <line number="452" hits="1" branch="false" />
            <line number="453" hits="1" branch="false" />
            <line number="456" hits="1" branch="false" />
            <line number="458" hits="1" branch="false" />
            <line number="459" hits="1" branch="false" />
            <line number="460" hits="1" branch="false" />
            <line number="461" hits="1" branch="false" />
            <line number="463" hits="1" branch="false" />
            <line number="464" hits="1" branch="false" />
            <line number="467" hits="1" branch="false" />
            <line number="470" hits="1" branch="false" />
            <line number="471" hits="1" branch="false" />
            <line number="474" hits="1" branch="false" />
            <line number="476" hits="1" branch="false" />
            <line number="477" hits="1" branch="false" />
            <line number="478" hits="12" branch="true" condition-coverage="100% (2/2)" />
            <line number="479" hits="5" branch="false" />
            <line number="480" hits="5" branch="false" />
            <line number="481" hits="5" branch="false" />
            <line number="482" hits="5" branch="false" />
            <line number="483" hits="5" branch="false" />
            <line number="486" hits="1" branch="false" />
            <line number="489" hits="1" branch="false" />
            <line number="490" hits="1" branch="false" />
            <line number="491" hits="1" branch="false" />
            <line number="492" hits="1" branch="false" />
            <line number="496" hits="1" branch="false" />
            <line number="498" hits="1" branch="false" />
            <line number="501" hits="1" branch="false" />
            <line number="504" hits="1" branch="false" />
            <line number="505" hits="1" branch="false" />
            <line number="506" hits="1" branch="false" />
            <line number="507" hits="1" branch="false" />
            <line number="510" hits="1" branch="false" />
            <line number="512" hits="1" branch="false" />
            <line number="517" hits="1" branch="false" />
            <line number="518" hits="1" branch="false" />
            <line number="519" hits="1" branch="false" />
            <line number="520" hits="1" branch="false" />
            <line number="523" hits="1" branch="false" />
            <line number="525" hits="1" branch="false" />
            <line number="526" hits="1" branch="false" />
            <line number="529" hits="1" branch="false" />
            <line number="532" hits="1" branch="false" />
            <line number="533" hits="1" branch="false" />
            <line number="537" hits="1" branch="false" />
            <line number="539" hits="1" branch="false" />
            <line number="540" hits="1" branch="false" />
            <line number="543" hits="1" branch="false" />
            <line number="546" hits="1" branch="false" />
            <line number="547" hits="1" branch="false" />
            <line number="548" hits="1" branch="false" />
          </lines>
        </class>
      </classes>
    </package>
  </packages>
</coverage>